#
# There is insufficient memory for the Java Runtime Environment to continue.
# Native memory allocation (malloc) failed to allocate 950256 bytes for Chunk::new
# Possible reasons:
#   The system is out of physical RAM or swap space
#   The process is running with CompressedOops enabled, and the Java Heap may be blocking the growth of the native heap
# Possible solutions:
#   Reduce memory load on the system
#   Increase physical memory or swap space
#   Check if swap backing store is full
#   Decrease Java heap size (-Xmx/-Xms)
#   Decrease number of Java threads
#   Decrease Java thread stack sizes (-Xss)
#   Set larger code cache with -XX:ReservedCodeCacheSize=
#   JVM is running with Unscaled Compressed Oops mode in which the Java heap is
#     placed in the first 4GB address space. The Java Heap base address is the
#     maximum limit for the native heap growth. Please use -XX:HeapBaseMinAddress
#     to set the Java Heap base and to place the Java Heap above 4GB virtual address.
# This output file may be truncated or incomplete.
#
#  Out of Memory Error (arena.cpp:189), pid=18472, tid=7252
#
# JRE version: OpenJDK Runtime Environment (17.0.6) (build 17.0.6+0-b2043.56-10027231)
# Java VM: OpenJDK 64-Bit Server VM (17.0.6+0-b2043.56-10027231, mixed mode, tiered, compressed oops, compressed class ptrs, g1 gc, windows-amd64)
# No core dump will be written. Minidumps are not enabled by default on client versions of Windows
#

---------------  S U M M A R Y ------------

Command Line: org.jetbrains.kotlin.cli.jvm.K2JVMCompiler @C:\Users\23480\Documents\androidproject\StopWatch\app\build\20240219_15593258817423043112.compiler.options

Host: AMD Ryzen 3 5300U with Radeon Graphics         , 8 cores, 7G,  Windows 11 , 64 bit Build 22621 (10.0.22621.2506)
Time: Mon Feb 19 13:30:45 2024 W. Central Africa Standard Time elapsed time: 5.067258 seconds (0d 0h 0m 5s)

---------------  T H R E A D  ---------------

Current thread (0x0000017b93dc3000):  JavaThread "C2 CompilerThread1" daemon [_thread_in_native, id=7252, stack(0x00000074f3b00000,0x00000074f3c00000)]


Current CompileTask:
C2:   5067 5805       4       org.jetbrains.kotlin.load.java.structure.impl.classFiles.BinaryClassSignatureParser::parseTypeString (120 bytes)

Stack: [0x00000074f3b00000,0x00000074f3c00000]
Native frames: (J=compiled Java code, j=interpreted, Vv=VM code, C=native code)
V  [jvm.dll+0x683c9a]
V  [jvm.dll+0x8427a4]
V  [jvm.dll+0x843f9e]
V  [jvm.dll+0x844603]
V  [jvm.dll+0x249b75]
V  [jvm.dll+0xabcac]
V  [jvm.dll+0xac27c]
V  [jvm.dll+0x368802]
V  [jvm.dll+0x332f31]
V  [jvm.dll+0x3323da]
V  [jvm.dll+0x21c201]
V  [jvm.dll+0x21b621]
V  [jvm.dll+0x1a4fdd]
V  [jvm.dll+0x22b098]
V  [jvm.dll+0x229159]
V  [jvm.dll+0x7f81ec]
V  [jvm.dll+0x7f274a]
V  [jvm.dll+0x682ad5]
C  [ucrtbase.dll+0x29363]
C  [KERNEL32.DLL+0x1257d]
C  [ntdll.dll+0x5aa58]


---------------  P R O C E S S  ---------------

Threads class SMR info:
_java_thread_list=0x0000017b95e82730, length=13, elements={
0x0000017bf7dfd7d0, 0x0000017b91623690, 0x0000017b91624300, 0x0000017b9164e860,
0x0000017b92028400, 0x0000017b92028cc0, 0x0000017b92029670, 0x0000017b9203c340,
0x0000017b92040a10, 0x0000017b9204cc50, 0x0000017b921a2320, 0x0000017b921a7840,
0x0000017b93dc3000
}

Java Threads: ( => current thread )
  0x0000017bf7dfd7d0 JavaThread "main" [_thread_in_vm, id=5948, stack(0x00000074f2800000,0x00000074f2900000)]
  0x0000017b91623690 JavaThread "Reference Handler" daemon [_thread_blocked, id=12404, stack(0x00000074f2f00000,0x00000074f3000000)]
  0x0000017b91624300 JavaThread "Finalizer" daemon [_thread_blocked, id=11412, stack(0x00000074f3000000,0x00000074f3100000)]
  0x0000017b9164e860 JavaThread "Signal Dispatcher" daemon [_thread_blocked, id=22120, stack(0x00000074f3100000,0x00000074f3200000)]
  0x0000017b92028400 JavaThread "Attach Listener" daemon [_thread_blocked, id=20992, stack(0x00000074f3200000,0x00000074f3300000)]
  0x0000017b92028cc0 JavaThread "Service Thread" daemon [_thread_blocked, id=19652, stack(0x00000074f3300000,0x00000074f3400000)]
  0x0000017b92029670 JavaThread "Monitor Deflation Thread" daemon [_thread_blocked, id=2192, stack(0x00000074f3400000,0x00000074f3500000)]
  0x0000017b9203c340 JavaThread "C2 CompilerThread0" daemon [_thread_in_native, id=21252, stack(0x00000074f3500000,0x00000074f3600000)]
  0x0000017b92040a10 JavaThread "C1 CompilerThread0" daemon [_thread_blocked, id=21512, stack(0x00000074f3600000,0x00000074f3700000)]
  0x0000017b9204cc50 JavaThread "Sweeper thread" daemon [_thread_blocked, id=11056, stack(0x00000074f3700000,0x00000074f3800000)]
  0x0000017b921a2320 JavaThread "Notification Thread" daemon [_thread_blocked, id=10976, stack(0x00000074f3800000,0x00000074f3900000)]
  0x0000017b921a7840 JavaThread "Common-Cleaner" daemon [_thread_blocked, id=14236, stack(0x00000074f3a00000,0x00000074f3b00000)]
=>0x0000017b93dc3000 JavaThread "C2 CompilerThread1" daemon [_thread_in_native, id=7252, stack(0x00000074f3b00000,0x00000074f3c00000)]

Other Threads:
  0x0000017b9161da60 VMThread "VM Thread" [stack: 0x00000074f2e00000,0x00000074f2f00000] [id=21800]
  0x0000017bf7e76010 WatcherThread [stack: 0x00000074f3900000,0x00000074f3a00000] [id=21308]
  0x0000017bf7e55440 GCTaskThread "GC Thread#0" [stack: 0x00000074f2900000,0x00000074f2a00000] [id=14704]
  0x0000017b927cbe10 GCTaskThread "GC Thread#1" [stack: 0x00000074f3c00000,0x00000074f3d00000] [id=17764]
  0x0000017b927e8380 GCTaskThread "GC Thread#2" [stack: 0x00000074f3d00000,0x00000074f3e00000] [id=18992]
  0x0000017b9280e0e0 GCTaskThread "GC Thread#3" [stack: 0x00000074f3e00000,0x00000074f3f00000] [id=3608]
  0x0000017b9280e5a0 GCTaskThread "GC Thread#4" [stack: 0x00000074f3f00000,0x00000074f4000000] [id=20012]
  0x0000017b93432350 GCTaskThread "GC Thread#5" [stack: 0x00000074f4000000,0x00000074f4100000] [id=2644]
  0x0000017b934320a0 GCTaskThread "GC Thread#6" [stack: 0x00000074f4100000,0x00000074f4200000] [id=5464]
  0x0000017b93432600 GCTaskThread "GC Thread#7" [stack: 0x00000074f4200000,0x00000074f4300000] [id=6968]
  0x0000017bf7e64e00 ConcurrentGCThread "G1 Main Marker" [stack: 0x00000074f2a00000,0x00000074f2b00000] [id=17240]
  0x0000017bf7e65810 ConcurrentGCThread "G1 Conc#0" [stack: 0x00000074f2b00000,0x00000074f2c00000] [id=19148]
  0x0000017b934328b0 ConcurrentGCThread "G1 Conc#1" [stack: 0x00000074f4300000,0x00000074f4400000] [id=8484]
  0x0000017b914720b0 ConcurrentGCThread "G1 Refine#0" [stack: 0x00000074f2c00000,0x00000074f2d00000] [id=15580]
  0x0000017b91472ad0 ConcurrentGCThread "G1 Service" [stack: 0x00000074f2d00000,0x00000074f2e00000] [id=19536]

Threads with active compile tasks:
C2 CompilerThread0     5084 5893       4       kotlin.text.StringsKt__StringsJVMKt::startsWith (36 bytes)
C2 CompilerThread1     5084 5805       4       org.jetbrains.kotlin.load.java.structure.impl.classFiles.BinaryClassSignatureParser::parseTypeString (120 bytes)

VM state: not at safepoint (normal execution)

VM Mutex/Monitor currently owned by a thread: None

Heap address: 0x000000008ac00000, size: 1876 MB, Compressed Oops mode: 32-bit

CDS archive(s) not mapped
Compressed class space mapped at: 0x0000000100000000-0x0000000140000000, reserved size: 1073741824
Narrow klass base: 0x0000000000000000, Narrow klass shift: 3, Narrow klass range: 0x140000000

GC Precious Log:
 CPUs: 8 total, 8 available
 Memory: 7502M
 Large Page Support: Disabled
 NUMA Support: Disabled
 Compressed Oops: Enabled (32-bit)
 Heap Region Size: 1M
 Heap Min Capacity: 8M
 Heap Initial Capacity: 118M
 Heap Max Capacity: 1876M
 Pre-touch: Disabled
 Parallel Workers: 8
 Concurrent Workers: 2
 Concurrent Refinement Workers: 8
 Periodic GC: Disabled

Heap:
 garbage-first heap   total 94208K, used 50901K [0x000000008ac00000, 0x0000000100000000)
  region size 1024K, 7 young (7168K), 1 survivors (1024K)
 Metaspace       used 61332K, committed 61568K, reserved 1105920K
  class space    used 7379K, committed 7488K, reserved 1048576K

Heap Regions: E=young(eden), S=young(survivor), O=old, HS=humongous(starts), HC=humongous(continues), CS=collection set, F=free, OA=open archive, CA=closed archive, TAMS=top-at-mark-start (previous, next)
|   0|0x000000008ac00000, 0x000000008ad00000, 0x000000008ad00000|100%|HS|  |TAMS 0x000000008ad00000, 0x000000008ac00000| Complete 
|   1|0x000000008ad00000, 0x000000008ae00000, 0x000000008ae00000|100%|HC|  |TAMS 0x000000008ae00000, 0x000000008ad00000| Complete 
|   2|0x000000008ae00000, 0x000000008af00000, 0x000000008af00000|100%|HC|  |TAMS 0x000000008af00000, 0x000000008ae00000| Complete 
|   3|0x000000008af00000, 0x000000008b000000, 0x000000008b000000|100%|HC|  |TAMS 0x000000008b000000, 0x000000008af00000| Complete 
|   4|0x000000008b000000, 0x000000008b100000, 0x000000008b100000|100%| O|  |TAMS 0x000000008b100000, 0x000000008b000000| Untracked 
|   5|0x000000008b100000, 0x000000008b200000, 0x000000008b200000|100%| O|  |TAMS 0x000000008b200000, 0x000000008b100000| Untracked 
|   6|0x000000008b200000, 0x000000008b300000, 0x000000008b300000|100%| O|  |TAMS 0x000000008b300000, 0x000000008b200000| Untracked 
|   7|0x000000008b300000, 0x000000008b400000, 0x000000008b400000|100%|HS|  |TAMS 0x000000008b400000, 0x000000008b300000| Complete 
|   8|0x000000008b400000, 0x000000008b500000, 0x000000008b500000|100%|HC|  |TAMS 0x000000008b500000, 0x000000008b400000| Complete 
|   9|0x000000008b500000, 0x000000008b600000, 0x000000008b600000|100%|HC|  |TAMS 0x000000008b600000, 0x000000008b500000| Complete 
|  10|0x000000008b600000, 0x000000008b700000, 0x000000008b700000|100%|HC|  |TAMS 0x000000008b700000, 0x000000008b600000| Complete 
|  11|0x000000008b700000, 0x000000008b800000, 0x000000008b800000|100%| O|  |TAMS 0x000000008b800000, 0x000000008b700000| Untracked 
|  12|0x000000008b800000, 0x000000008b900000, 0x000000008b900000|100%| O|  |TAMS 0x000000008b900000, 0x000000008b800000| Untracked 
|  13|0x000000008b900000, 0x000000008ba00000, 0x000000008ba00000|100%| O|  |TAMS 0x000000008ba00000, 0x000000008b900000| Untracked 
|  14|0x000000008ba00000, 0x000000008bb00000, 0x000000008bb00000|100%| O|  |TAMS 0x000000008bb00000, 0x000000008ba00000| Untracked 
|  15|0x000000008bb00000, 0x000000008bc00000, 0x000000008bc00000|100%| O|  |TAMS 0x000000008bc00000, 0x000000008bb00000| Untracked 
|  16|0x000000008bc00000, 0x000000008bd00000, 0x000000008bd00000|100%| O|  |TAMS 0x000000008bd00000, 0x000000008bc00000| Untracked 
|  17|0x000000008bd00000, 0x000000008be00000, 0x000000008be00000|100%| O|  |TAMS 0x000000008be00000, 0x000000008bd00000| Untracked 
|  18|0x000000008be00000, 0x000000008bf00000, 0x000000008bf00000|100%| O|  |TAMS 0x000000008bf00000, 0x000000008be00000| Untracked 
|  19|0x000000008bf00000, 0x000000008bf00000, 0x000000008c000000|  0%| F|  |TAMS 0x000000008bf00000, 0x000000008bf00000| Untracked 
|  20|0x000000008c000000, 0x000000008c100000, 0x000000008c100000|100%| O|  |TAMS 0x000000008c100000, 0x000000008c000000| Untracked 
|  21|0x000000008c100000, 0x000000008c200000, 0x000000008c200000|100%| O|  |TAMS 0x000000008c200000, 0x000000008c100000| Untracked 
|  22|0x000000008c200000, 0x000000008c300000, 0x000000008c300000|100%| O|  |TAMS 0x000000008c300000, 0x000000008c200000| Untracked 
|  23|0x000000008c300000, 0x000000008c400000, 0x000000008c400000|100%| O|  |TAMS 0x000000008c400000, 0x000000008c300000| Untracked 
|  24|0x000000008c400000, 0x000000008c500000, 0x000000008c500000|100%| O|  |TAMS 0x000000008c500000, 0x000000008c400000| Untracked 
|  25|0x000000008c500000, 0x000000008c600000, 0x000000008c600000|100%| O|  |TAMS 0x000000008c600000, 0x000000008c500000| Untracked 
|  26|0x000000008c600000, 0x000000008c700000, 0x000000008c700000|100%|HS|  |TAMS 0x000000008c700000, 0x000000008c600000| Complete 
|  27|0x000000008c700000, 0x000000008c800000, 0x000000008c800000|100%|HC|  |TAMS 0x000000008c800000, 0x000000008c700000| Complete 
|  28|0x000000008c800000, 0x000000008c900000, 0x000000008c900000|100%| O|  |TAMS 0x000000008c900000, 0x000000008c800000| Untracked 
|  29|0x000000008c900000, 0x000000008ca00000, 0x000000008ca00000|100%| O|  |TAMS 0x000000008ca00000, 0x000000008c900000| Untracked 
|  30|0x000000008ca00000, 0x000000008cb00000, 0x000000008cb00000|100%| O|  |TAMS 0x000000008cb00000, 0x000000008ca00000| Untracked 
|  31|0x000000008cb00000, 0x000000008cc00000, 0x000000008cc00000|100%| O|  |TAMS 0x000000008cc00000, 0x000000008cb00000| Untracked 
|  32|0x000000008cc00000, 0x000000008cd00000, 0x000000008cd00000|100%| O|  |TAMS 0x000000008cd00000, 0x000000008cc00000| Untracked 
|  33|0x000000008cd00000, 0x000000008ce00000, 0x000000008ce00000|100%| O|  |TAMS 0x000000008ce00000, 0x000000008cd00000| Untracked 
|  34|0x000000008ce00000, 0x000000008cf00000, 0x000000008cf00000|100%| O|  |TAMS 0x000000008cf00000, 0x000000008ce00000| Untracked 
|  35|0x000000008cf00000, 0x000000008d000000, 0x000000008d000000|100%| O|  |TAMS 0x000000008d000000, 0x000000008cf00000| Untracked 
|  36|0x000000008d000000, 0x000000008d100000, 0x000000008d100000|100%| O|  |TAMS 0x000000008d100000, 0x000000008d000000| Untracked 
|  37|0x000000008d100000, 0x000000008d200000, 0x000000008d200000|100%| O|  |TAMS 0x000000008d200000, 0x000000008d100000| Untracked 
|  38|0x000000008d200000, 0x000000008d300000, 0x000000008d300000|100%| O|  |TAMS 0x000000008d2a2400, 0x000000008d200000| Untracked 
|  39|0x000000008d300000, 0x000000008d400000, 0x000000008d400000|100%| O|  |TAMS 0x000000008d300000, 0x000000008d300000| Untracked 
|  40|0x000000008d400000, 0x000000008d500000, 0x000000008d500000|100%| O|  |TAMS 0x000000008d400000, 0x000000008d400000| Untracked 
|  41|0x000000008d500000, 0x000000008d600000, 0x000000008d600000|100%| O|  |TAMS 0x000000008d500000, 0x000000008d500000| Untracked 
|  42|0x000000008d600000, 0x000000008d700000, 0x000000008d700000|100%| O|  |TAMS 0x000000008d600000, 0x000000008d600000| Untracked 
|  43|0x000000008d700000, 0x000000008d800000, 0x000000008d800000|100%| O|  |TAMS 0x000000008d700000, 0x000000008d700000| Untracked 
|  44|0x000000008d800000, 0x000000008d900000, 0x000000008d900000|100%| O|  |TAMS 0x000000008d800000, 0x000000008d800000| Untracked 
|  45|0x000000008d900000, 0x000000008da00000, 0x000000008da00000|100%| O|  |TAMS 0x000000008d900000, 0x000000008d900000| Untracked 
|  46|0x000000008da00000, 0x000000008da12c00, 0x000000008db00000|  7%| O|  |TAMS 0x000000008da00000, 0x000000008da00000| Untracked 
|  47|0x000000008db00000, 0x000000008db00000, 0x000000008dc00000|  0%| F|  |TAMS 0x000000008db00000, 0x000000008db00000| Untracked 
|  48|0x000000008dc00000, 0x000000008dc00000, 0x000000008dd00000|  0%| F|  |TAMS 0x000000008dc00000, 0x000000008dc00000| Untracked 
|  49|0x000000008dd00000, 0x000000008dd00000, 0x000000008de00000|  0%| F|  |TAMS 0x000000008dd00000, 0x000000008dd00000| Untracked 
|  50|0x000000008de00000, 0x000000008de00000, 0x000000008df00000|  0%| F|  |TAMS 0x000000008de00000, 0x000000008de00000| Untracked 
|  51|0x000000008df00000, 0x000000008df00000, 0x000000008e000000|  0%| F|  |TAMS 0x000000008df00000, 0x000000008df00000| Untracked 
|  52|0x000000008e000000, 0x000000008e000000, 0x000000008e100000|  0%| F|  |TAMS 0x000000008e000000, 0x000000008e000000| Untracked 
|  53|0x000000008e100000, 0x000000008e100000, 0x000000008e200000|  0%| F|  |TAMS 0x000000008e100000, 0x000000008e100000| Untracked 
|  54|0x000000008e200000, 0x000000008e200000, 0x000000008e300000|  0%| F|  |TAMS 0x000000008e200000, 0x000000008e200000| Untracked 
|  55|0x000000008e300000, 0x000000008e300000, 0x000000008e400000|  0%| F|  |TAMS 0x000000008e300000, 0x000000008e300000| Untracked 
|  56|0x000000008e400000, 0x000000008e400000, 0x000000008e500000|  0%| F|  |TAMS 0x000000008e400000, 0x000000008e400000| Untracked 
|  57|0x000000008e500000, 0x000000008e500000, 0x000000008e600000|  0%| F|  |TAMS 0x000000008e500000, 0x000000008e500000| Untracked 
|  58|0x000000008e600000, 0x000000008e600000, 0x000000008e700000|  0%| F|  |TAMS 0x000000008e600000, 0x000000008e600000| Untracked 
|  59|0x000000008e700000, 0x000000008e700000, 0x000000008e800000|  0%| F|  |TAMS 0x000000008e700000, 0x000000008e700000| Untracked 
|  60|0x000000008e800000, 0x000000008e800000, 0x000000008e900000|  0%| F|  |TAMS 0x000000008e800000, 0x000000008e800000| Untracked 
|  61|0x000000008e900000, 0x000000008e900000, 0x000000008ea00000|  0%| F|  |TAMS 0x000000008e900000, 0x000000008e900000| Untracked 
|  62|0x000000008ea00000, 0x000000008ea00000, 0x000000008eb00000|  0%| F|  |TAMS 0x000000008ea00000, 0x000000008ea00000| Untracked 
|  63|0x000000008eb00000, 0x000000008eb00000, 0x000000008ec00000|  0%| F|  |TAMS 0x000000008eb00000, 0x000000008eb00000| Untracked 
|  64|0x000000008ec00000, 0x000000008ec00000, 0x000000008ed00000|  0%| F|  |TAMS 0x000000008ec00000, 0x000000008ec00000| Untracked 
|  65|0x000000008ed00000, 0x000000008ed00000, 0x000000008ee00000|  0%| F|  |TAMS 0x000000008ed00000, 0x000000008ed00000| Untracked 
|  66|0x000000008ee00000, 0x000000008ee00000, 0x000000008ef00000|  0%| F|  |TAMS 0x000000008ee00000, 0x000000008ee00000| Untracked 
|  67|0x000000008ef00000, 0x000000008ef00000, 0x000000008f000000|  0%| F|  |TAMS 0x000000008ef00000, 0x000000008ef00000| Untracked 
|  68|0x000000008f000000, 0x000000008f000000, 0x000000008f100000|  0%| F|  |TAMS 0x000000008f000000, 0x000000008f000000| Untracked 
|  69|0x000000008f100000, 0x000000008f100000, 0x000000008f200000|  0%| F|  |TAMS 0x000000008f100000, 0x000000008f100000| Untracked 
|  70|0x000000008f200000, 0x000000008f200000, 0x000000008f300000|  0%| F|  |TAMS 0x000000008f200000, 0x000000008f200000| Untracked 
|  71|0x000000008f300000, 0x000000008f300000, 0x000000008f400000|  0%| F|  |TAMS 0x000000008f300000, 0x000000008f300000| Untracked 
|  72|0x000000008f400000, 0x000000008f400000, 0x000000008f500000|  0%| F|  |TAMS 0x000000008f400000, 0x000000008f400000| Untracked 
|  73|0x000000008f500000, 0x000000008f500000, 0x000000008f600000|  0%| F|  |TAMS 0x000000008f500000, 0x000000008f500000| Untracked 
|  74|0x000000008f600000, 0x000000008f600000, 0x000000008f700000|  0%| F|  |TAMS 0x000000008f600000, 0x000000008f600000| Untracked 
|  75|0x000000008f700000, 0x000000008f700000, 0x000000008f800000|  0%| F|  |TAMS 0x000000008f700000, 0x000000008f700000| Untracked 
|  76|0x000000008f800000, 0x000000008f800000, 0x000000008f900000|  0%| F|  |TAMS 0x000000008f800000, 0x000000008f800000| Untracked 
|  77|0x000000008f900000, 0x000000008f900000, 0x000000008fa00000|  0%| F|  |TAMS 0x000000008f900000, 0x000000008f900000| Untracked 
|  78|0x000000008fa00000, 0x000000008fa00000, 0x000000008fb00000|  0%| F|  |TAMS 0x000000008fa00000, 0x000000008fa00000| Untracked 
|  79|0x000000008fb00000, 0x000000008fb00000, 0x000000008fc00000|  0%| F|  |TAMS 0x000000008fb00000, 0x000000008fb00000| Untracked 
|  80|0x000000008fc00000, 0x000000008fc00000, 0x000000008fd00000|  0%| F|  |TAMS 0x000000008fc00000, 0x000000008fc00000| Untracked 
|  81|0x000000008fd00000, 0x000000008fd00000, 0x000000008fe00000|  0%| F|  |TAMS 0x000000008fd00000, 0x000000008fd00000| Untracked 
|  82|0x000000008fe00000, 0x000000008fe00000, 0x000000008ff00000|  0%| F|  |TAMS 0x000000008fe00000, 0x000000008fe00000| Untracked 
|  83|0x000000008ff00000, 0x000000008ff00000, 0x0000000090000000|  0%| F|  |TAMS 0x000000008ff00000, 0x000000008ff00000| Untracked 
|  84|0x0000000090000000, 0x0000000090000000, 0x0000000090100000|  0%| F|  |TAMS 0x0000000090000000, 0x0000000090000000| Untracked 
|  85|0x0000000090100000, 0x000000009018ae18, 0x0000000090200000| 54%| E|  |TAMS 0x0000000090100000, 0x0000000090100000| Complete 
|  86|0x0000000090200000, 0x0000000090300000, 0x0000000090300000|100%| E|  |TAMS 0x0000000090200000, 0x0000000090200000| Complete 
|  87|0x0000000090300000, 0x0000000090400000, 0x0000000090400000|100%| E|CS|TAMS 0x0000000090300000, 0x0000000090300000| Complete 
|  88|0x0000000090400000, 0x0000000090500000, 0x0000000090500000|100%| E|CS|TAMS 0x0000000090400000, 0x0000000090400000| Complete 
|  89|0x0000000090500000, 0x0000000090600000, 0x0000000090600000|100%| E|CS|TAMS 0x0000000090500000, 0x0000000090500000| Complete 
|  90|0x0000000090600000, 0x00000000906a2880, 0x0000000090700000| 63%| S|CS|TAMS 0x0000000090600000, 0x0000000090600000| Complete 
| 117|0x0000000092100000, 0x0000000092200000, 0x0000000092200000|100%| E|CS|TAMS 0x0000000092100000, 0x0000000092100000| Complete 

Card table byte_map: [0x0000017bfb9a0000,0x0000017bfbd50000] _byte_map_base: 0x0000017bfb54a000

Marking Bits (Prev, Next): (CMBitMap*) 0x0000017bf7e55a50, (CMBitMap*) 0x0000017bf7e55a90
 Prev Bits: [0x0000017bfc100000, 0x0000017bfde50000)
 Next Bits: [0x0000017bfde50000, 0x0000017bffba0000)

Polling page: 0x0000017bf75c0000

Metaspace:

Usage:
  Non-class:     52.70 MB used.
      Class:      7.22 MB used.
       Both:     59.92 MB used.

Virtual space:
  Non-class space:       56.00 MB reserved,      52.81 MB ( 94%) committed,  7 nodes.
      Class space:        1.00 GB reserved,       7.31 MB ( <1%) committed,  1 nodes.
             Both:        1.05 GB reserved,      60.12 MB (  6%) committed. 

Chunk freelists:
   Non-Class:  2.70 MB
       Class:  647.00 KB
        Both:  3.33 MB

MaxMetaspaceSize: unlimited
CompressedClassSpaceSize: 1.00 GB
Initial GC threshold: 21.00 MB
Current GC threshold: 90.62 MB
CDS: off
MetaspaceReclaimPolicy: balanced
 - commit_granule_bytes: 65536.
 - commit_granule_words: 8192.
 - virtual_space_node_default_size: 1048576.
 - enlarge_chunks_in_place: 1.
 - new_chunks_are_fully_committed: 0.
 - uncommit_free_chunks: 1.
 - use_allocation_guard: 0.
 - handle_deallocations: 1.


Internal statistics:

num_allocs_failed_limit: 3.
num_arena_births: 232.
num_arena_deaths: 0.
num_vsnodes_births: 8.
num_vsnodes_deaths: 0.
num_space_committed: 960.
num_space_uncommitted: 0.
num_chunks_returned_to_freelist: 3.
num_chunks_taken_from_freelist: 2030.
num_chunk_merges: 3.
num_chunk_splits: 1670.
num_chunks_enlarged: 1507.
num_purges: 0.
num_inconsistent_stats: 0.

CodeHeap 'non-profiled nmethods': size=120000Kb used=2680Kb max_used=2680Kb free=117319Kb
 bounds [0x0000017b87ad0000, 0x0000017b87d70000, 0x0000017b8f000000]
CodeHeap 'profiled nmethods': size=120000Kb used=12855Kb max_used=12855Kb free=107144Kb
 bounds [0x0000017b80000000, 0x0000017b80c90000, 0x0000017b87530000]
CodeHeap 'non-nmethods': size=5760Kb used=1304Kb max_used=1347Kb free=4455Kb
 bounds [0x0000017b87530000, 0x0000017b877a0000, 0x0000017b87ad0000]
 total_blobs=6511 nmethods=5890 adapters=532
 compilation: enabled
              stopped_count=0, restarted_count=0
 full_count=0

Compilation events (20 events):
Event: 5.057 Thread 0x0000017b92040a10 nmethod 5900 0x0000017b80c72310 code [0x0000017b80c724e0, 0x0000017b80c727f8]
Event: 5.057 Thread 0x0000017b92040a10 5901       3       org.jetbrains.kotlin.com.intellij.util.keyFMap.EmptyFMap::plus (26 bytes)
Event: 5.058 Thread 0x0000017b92040a10 nmethod 5901 0x0000017b80c72910 code [0x0000017b80c72b00, 0x0000017b80c72fb8]
Event: 5.059 Thread 0x0000017b92040a10 5902       3       org.jetbrains.kotlin.psi.psiUtil.PsiUtilsKt::siblings (20 bytes)
Event: 5.059 Thread 0x0000017b92040a10 nmethod 5902 0x0000017b80c73190 code [0x0000017b80c733c0, 0x0000017b80c73af8]
Event: 5.059 Thread 0x0000017b92040a10 5903       3       org.jetbrains.kotlin.psi.psiUtil.PsiUtilsKt$siblings$1::<init> (20 bytes)
Event: 5.060 Thread 0x0000017b92040a10 nmethod 5903 0x0000017b80c73e10 code [0x0000017b80c73fa0, 0x0000017b80c74178]
Event: 5.060 Thread 0x0000017b92040a10 5904       1       org.jetbrains.kotlin.resolve.calls.model.ResolvedAtom::getSubResolvedAtoms (5 bytes)
Event: 5.060 Thread 0x0000017b92040a10 nmethod 5904 0x0000017b87d65690 code [0x0000017b87d65820, 0x0000017b87d658f8]
Event: 5.061 Thread 0x0000017b9203c340 nmethod 5806 0x0000017b87d65990 code [0x0000017b87d65d40, 0x0000017b87d682c8]
Event: 5.061 Thread 0x0000017b9203c340 5826       4       java.util.HashMap::put (13 bytes)
Event: 5.061 Thread 0x0000017b92040a10 5906   !   3       org.jetbrains.kotlin.com.intellij.psi.impl.source.tree.LazyParseableElement::ensureParsed (164 bytes)
Event: 5.062 Thread 0x0000017b9203c340 nmethod 5826 0x0000017b87d69790 code [0x0000017b87d69920, 0x0000017b87d69a48]
Event: 5.062 Thread 0x0000017b9203c340 5845       4       java.util.HashSet::add (20 bytes)
Event: 5.063 Thread 0x0000017b92040a10 nmethod 5906 0x0000017b80c74290 code [0x0000017b80c746e0, 0x0000017b80c76588]
Event: 5.063 Thread 0x0000017b92040a10 5907       3       org.jetbrains.kotlin.psi.KtQualifiedExpression::getOperationTokenNode (77 bytes)
Event: 5.064 Thread 0x0000017b92040a10 nmethod 5907 0x0000017b80c77110 code [0x0000017b80c77420, 0x0000017b80c784b8]
Event: 5.064 Thread 0x0000017b9203c340 nmethod 5845 0x0000017b87d69b10 code [0x0000017b87d69cc0, 0x0000017b87d69ef8]
Event: 5.064 Thread 0x0000017b92040a10 5910       3       org.jetbrains.kotlin.resolve.calls.tower.TowerResolver$Task$localLevels$2$invoke$$inlined$filterIsInstance$1::invoke (6 bytes)
Event: 5.064 Thread 0x0000017b9203c340 5811 %     4       org.jetbrains.org.objectweb.asm.ClassReader::<init> @ 76 (339 bytes)

GC Heap History (20 events):
Event: 2.470 GC heap before
{Heap before GC invocations=9 (full 0):
 garbage-first heap   total 60416K, used 43559K [0x000000008ac00000, 0x0000000100000000)
  region size 1024K, 22 young (22528K), 3 survivors (3072K)
 Metaspace       used 41014K, committed 41216K, reserved 1089536K
  class space    used 5007K, committed 5120K, reserved 1048576K
}
Event: 2.475 GC heap after
{Heap after GC invocations=10 (full 0):
 garbage-first heap   total 60416K, used 26815K [0x000000008ac00000, 0x0000000100000000)
  region size 1024K, 3 young (3072K), 3 survivors (3072K)
 Metaspace       used 41014K, committed 41216K, reserved 1089536K
  class space    used 5007K, committed 5120K, reserved 1048576K
}
Event: 2.779 GC heap before
{Heap before GC invocations=10 (full 0):
 garbage-first heap   total 60416K, used 45247K [0x000000008ac00000, 0x0000000100000000)
  region size 1024K, 21 young (21504K), 3 survivors (3072K)
 Metaspace       used 45513K, committed 45696K, reserved 1089536K
  class space    used 5533K, committed 5632K, reserved 1048576K
}
Event: 2.785 GC heap after
{Heap after GC invocations=11 (full 0):
 garbage-first heap   total 60416K, used 28081K [0x000000008ac00000, 0x0000000100000000)
  region size 1024K, 2 young (2048K), 2 survivors (2048K)
 Metaspace       used 45513K, committed 45696K, reserved 1089536K
  class space    used 5533K, committed 5632K, reserved 1048576K
}
Event: 3.042 GC heap before
{Heap before GC invocations=11 (full 0):
 garbage-first heap   total 60416K, used 37297K [0x000000008ac00000, 0x0000000100000000)
  region size 1024K, 12 young (12288K), 2 survivors (2048K)
 Metaspace       used 48049K, committed 48256K, reserved 1097728K
  class space    used 5835K, committed 5888K, reserved 1048576K
}
Event: 3.049 GC heap after
{Heap after GC invocations=12 (full 0):
 garbage-first heap   total 72704K, used 29111K [0x000000008ac00000, 0x0000000100000000)
  region size 1024K, 3 young (3072K), 3 survivors (3072K)
 Metaspace       used 48049K, committed 48256K, reserved 1097728K
  class space    used 5835K, committed 5888K, reserved 1048576K
}
Event: 3.242 GC heap before
{Heap before GC invocations=12 (full 0):
 garbage-first heap   total 72704K, used 55735K [0x000000008ac00000, 0x0000000100000000)
  region size 1024K, 27 young (27648K), 3 survivors (3072K)
 Metaspace       used 48687K, committed 48896K, reserved 1097728K
  class space    used 5867K, committed 5952K, reserved 1048576K
}
Event: 3.249 GC heap after
{Heap after GC invocations=13 (full 0):
 garbage-first heap   total 72704K, used 34164K [0x000000008ac00000, 0x0000000100000000)
  region size 1024K, 4 young (4096K), 4 survivors (4096K)
 Metaspace       used 48687K, committed 48896K, reserved 1097728K
  class space    used 5867K, committed 5952K, reserved 1048576K
}
Event: 3.507 GC heap before
{Heap before GC invocations=13 (full 0):
 garbage-first heap   total 72704K, used 55668K [0x000000008ac00000, 0x0000000100000000)
  region size 1024K, 25 young (25600K), 4 survivors (4096K)
 Metaspace       used 52015K, committed 52352K, reserved 1097728K
  class space    used 6245K, committed 6400K, reserved 1048576K
}
Event: 3.514 GC heap after
{Heap after GC invocations=14 (full 0):
 garbage-first heap   total 72704K, used 36725K [0x000000008ac00000, 0x0000000100000000)
  region size 1024K, 3 young (3072K), 3 survivors (3072K)
 Metaspace       used 52015K, committed 52352K, reserved 1097728K
  class space    used 6245K, committed 6400K, reserved 1048576K
}
Event: 3.978 GC heap before
{Heap before GC invocations=14 (full 0):
 garbage-first heap   total 72704K, used 56181K [0x000000008ac00000, 0x0000000100000000)
  region size 1024K, 22 young (22528K), 3 survivors (3072K)
 Metaspace       used 54182K, committed 54400K, reserved 1097728K
  class space    used 6422K, committed 6528K, reserved 1048576K
}
Event: 3.986 GC heap after
{Heap after GC invocations=15 (full 0):
 garbage-first heap   total 72704K, used 39518K [0x000000008ac00000, 0x0000000100000000)
  region size 1024K, 3 young (3072K), 3 survivors (3072K)
 Metaspace       used 54182K, committed 54400K, reserved 1097728K
  class space    used 6422K, committed 6528K, reserved 1048576K
}
Event: 4.247 GC heap before
{Heap before GC invocations=16 (full 0):
 garbage-first heap   total 72704K, used 56926K [0x000000008ac00000, 0x0000000100000000)
  region size 1024K, 20 young (20480K), 3 survivors (3072K)
 Metaspace       used 54415K, committed 54720K, reserved 1097728K
  class space    used 6441K, committed 6592K, reserved 1048576K
}
Event: 4.257 GC heap after
{Heap after GC invocations=17 (full 0):
 garbage-first heap   total 72704K, used 42633K [0x000000008ac00000, 0x0000000100000000)
  region size 1024K, 3 young (3072K), 3 survivors (3072K)
 Metaspace       used 54415K, committed 54720K, reserved 1097728K
  class space    used 6441K, committed 6592K, reserved 1048576K
}
Event: 4.411 GC heap before
{Heap before GC invocations=17 (full 0):
 garbage-first heap   total 72704K, used 56969K [0x000000008ac00000, 0x0000000100000000)
  region size 1024K, 17 young (17408K), 3 survivors (3072K)
 Metaspace       used 55037K, committed 55360K, reserved 1105920K
  class space    used 6496K, committed 6656K, reserved 1048576K
}
Event: 4.418 GC heap after
{Heap after GC invocations=18 (full 0):
 garbage-first heap   total 94208K, used 44886K [0x000000008ac00000, 0x0000000100000000)
  region size 1024K, 2 young (2048K), 2 survivors (2048K)
 Metaspace       used 55037K, committed 55360K, reserved 1105920K
  class space    used 6496K, committed 6656K, reserved 1048576K
}
Event: 4.852 GC heap before
{Heap before GC invocations=19 (full 0):
 garbage-first heap   total 94208K, used 71510K [0x000000008ac00000, 0x0000000100000000)
  region size 1024K, 28 young (28672K), 2 survivors (2048K)
 Metaspace       used 59881K, committed 60160K, reserved 1105920K
  class space    used 7196K, committed 7360K, reserved 1048576K
}
Event: 4.859 GC heap after
{Heap after GC invocations=20 (full 0):
 garbage-first heap   total 94208K, used 46540K [0x000000008ac00000, 0x0000000100000000)
  region size 1024K, 4 young (4096K), 4 survivors (4096K)
 Metaspace       used 59881K, committed 60160K, reserved 1105920K
  class space    used 7196K, committed 7360K, reserved 1048576K
}
Event: 4.889 GC heap before
{Heap before GC invocations=20 (full 0):
 garbage-first heap   total 94208K, used 46540K [0x000000008ac00000, 0x0000000100000000)
  region size 1024K, 5 young (5120K), 4 survivors (4096K)
 Metaspace       used 60238K, committed 60480K, reserved 1105920K
  class space    used 7245K, committed 7360K, reserved 1048576K
}
Event: 4.894 GC heap after
{Heap after GC invocations=21 (full 0):
 garbage-first heap   total 94208K, used 46805K [0x000000008ac00000, 0x0000000100000000)
  region size 1024K, 1 young (1024K), 1 survivors (1024K)
 Metaspace       used 60238K, committed 60480K, reserved 1105920K
  class space    used 7245K, committed 7360K, reserved 1048576K
}

Dll operation events (2 events):
Event: 0.013 Loaded shared library C:\Program Files\Android\Android Studio\jbr\bin\java.dll
Event: 0.941 Loaded shared library C:\Program Files\Android\Android Studio\jbr\bin\verify.dll

Deoptimization events (20 events):
Event: 4.994 Thread 0x0000017bf7dfd7d0 Uncommon trap: trap_request=0xffffffde fr.pc=0x0000017b87d5638c relative=0x000000000000114c
Event: 4.994 Thread 0x0000017bf7dfd7d0 Uncommon trap: reason=class_check action=maybe_recompile pc=0x0000017b87d5638c method=org.jetbrains.kotlin.serialization.deserialization.descriptors.DeserializedMemberScope.getContributedClassifier(Lorg/jetbrains/kotlin/name/Name;Lorg/jetbrains/kotlin/inc
Event: 4.994 Thread 0x0000017bf7dfd7d0 DEOPT PACKING pc=0x0000017b87d5638c sp=0x00000074f28fc150
Event: 4.994 Thread 0x0000017bf7dfd7d0 DEOPT UNPACKING pc=0x0000017b875869a3 sp=0x00000074f28fc0c8 mode 2
Event: 4.994 Thread 0x0000017bf7dfd7d0 Uncommon trap: trap_request=0xffffffde fr.pc=0x0000017b87bc9ee4 relative=0x0000000000000064
Event: 4.994 Thread 0x0000017bf7dfd7d0 Uncommon trap: reason=class_check action=maybe_recompile pc=0x0000017b87bc9ee4 method=java.util.Collections$UnmodifiableCollection.size()I @ 4 c2
Event: 4.994 Thread 0x0000017bf7dfd7d0 DEOPT PACKING pc=0x0000017b87bc9ee4 sp=0x00000074f28fc0a0
Event: 4.994 Thread 0x0000017bf7dfd7d0 DEOPT UNPACKING pc=0x0000017b875869a3 sp=0x00000074f28fc028 mode 2
Event: 4.994 Thread 0x0000017bf7dfd7d0 Uncommon trap: trap_request=0xffffffde fr.pc=0x0000017b87bc9ee4 relative=0x0000000000000064
Event: 4.994 Thread 0x0000017bf7dfd7d0 Uncommon trap: reason=class_check action=maybe_recompile pc=0x0000017b87bc9ee4 method=java.util.Collections$UnmodifiableCollection.size()I @ 4 c2
Event: 4.994 Thread 0x0000017bf7dfd7d0 DEOPT PACKING pc=0x0000017b87bc9ee4 sp=0x00000074f28fc330
Event: 4.994 Thread 0x0000017bf7dfd7d0 DEOPT UNPACKING pc=0x0000017b875869a3 sp=0x00000074f28fc2b8 mode 2
Event: 5.001 Thread 0x0000017bf7dfd7d0 Uncommon trap: trap_request=0xffffffbe fr.pc=0x0000017b87d47924 relative=0x0000000000001944
Event: 5.001 Thread 0x0000017bf7dfd7d0 Uncommon trap: reason=profile_predicate action=maybe_recompile pc=0x0000017b87d47924 method=org.jetbrains.kotlin.serialization.deserialization.descriptors.DeserializedPackageMemberScope.hasClass(Lorg/jetbrains/kotlin/name/Name;)Z @ 65 c2
Event: 5.002 Thread 0x0000017bf7dfd7d0 DEOPT PACKING pc=0x0000017b87d47924 sp=0x00000074f28fc1d0
Event: 5.002 Thread 0x0000017bf7dfd7d0 DEOPT UNPACKING pc=0x0000017b875869a3 sp=0x00000074f28fc180 mode 2
Event: 5.002 Thread 0x0000017bf7dfd7d0 Uncommon trap: trap_request=0xffffffde fr.pc=0x0000017b87d5638c relative=0x000000000000114c
Event: 5.002 Thread 0x0000017bf7dfd7d0 Uncommon trap: reason=class_check action=maybe_recompile pc=0x0000017b87d5638c method=org.jetbrains.kotlin.serialization.deserialization.descriptors.DeserializedMemberScope.getContributedClassifier(Lorg/jetbrains/kotlin/name/Name;Lorg/jetbrains/kotlin/inc
Event: 5.002 Thread 0x0000017bf7dfd7d0 DEOPT PACKING pc=0x0000017b87d5638c sp=0x00000074f28fc250
Event: 5.002 Thread 0x0000017bf7dfd7d0 DEOPT UNPACKING pc=0x0000017b875869a3 sp=0x00000074f28fc1c8 mode 2

Classes unloaded (0 events):
No events

Classes redefined (0 events):
No events

Internal exceptions (20 events):
Event: 2.933 Thread 0x0000017bf7dfd7d0 Exception <a 'java/lang/NoSuchMethodError'{0x000000008e0bb2a0}: 'java.lang.Object java.lang.invoke.DirectMethodHandle$Holder.newInvokeSpecial(java.lang.Object, java.lang.Object, int)'> (0x000000008e0bb2a0) 
thrown [s\src\hotspot\share\interpreter\linkResolver.cpp, line 771]
Event: 3.628 Thread 0x0000017bf7dfd7d0 Exception <a 'java/lang/NoSuchMethodError'{0x000000008ed5eef8}: 'java.lang.Object java.lang.invoke.DirectMethodHandle$Holder.invokeStaticInit(java.lang.Object, java.lang.Object, java.lang.Object)'> (0x000000008ed5eef8) 
thrown [s\src\hotspot\share\interpreter\linkResolver.cpp, line 771]
Event: 4.140 Thread 0x0000017bf7dfd7d0 Implicit null exception at 0x0000017b87b19fea to 0x0000017b87b1a1b0
Event: 4.140 Thread 0x0000017bf7dfd7d0 Implicit null exception at 0x0000017b87be948f to 0x0000017b87be9505
Event: 4.236 Thread 0x0000017bf7dfd7d0 Exception <a 'java/lang/NoSuchMethodError'{0x000000008e283140}: 'java.lang.Object java.lang.invoke.DirectMethodHandle$Holder.newInvokeSpecial(java.lang.Object, int, java.lang.Object)'> (0x000000008e283140) 
thrown [s\src\hotspot\share\interpreter\linkResolver.cpp, line 771]
Event: 4.237 Thread 0x0000017bf7dfd7d0 Exception <a 'java/lang/NoSuchMethodError'{0x000000008e2897a0}: 'int java.lang.invoke.DirectMethodHandle$Holder.invokeInterface(java.lang.Object, java.lang.Object)'> (0x000000008e2897a0) 
thrown [s\src\hotspot\share\interpreter\linkResolver.cpp, line 771]
Event: 4.507 Thread 0x0000017bf7dfd7d0 Exception <a 'java/lang/NoSuchMethodError'{0x00000000903025d8}: 'int java.lang.invoke.DirectMethodHandle$Holder.invokeStaticInit(java.lang.Object, int)'> (0x00000000903025d8) 
thrown [s\src\hotspot\share\interpreter\linkResolver.cpp, line 771]
Event: 4.524 Thread 0x0000017bf7dfd7d0 Implicit null exception at 0x0000017b87b7521a to 0x0000017b87b75388
Event: 4.524 Thread 0x0000017bf7dfd7d0 Implicit null exception at 0x0000017b87b332d8 to 0x0000017b87b3336a
Event: 4.535 Thread 0x0000017bf7dfd7d0 Exception <a 'java/lang/NoSuchMethodError'{0x0000000090238f50}: 'java.lang.Object java.lang.invoke.DirectMethodHandle$Holder.newInvokeSpecial(java.lang.Object, java.lang.Object, java.lang.Object, java.lang.Object, java.lang.Object, java.lang.Object)'> (0x0000000090238f50) 
thrown [s\src\hotspot\share\interpreter\linkResolver.cpp, line 771]
Event: 4.695 Thread 0x0000017bf7dfd7d0 Implicit null exception at 0x0000017b87c6eacc to 0x0000017b87c6eba8
Event: 4.726 Thread 0x0000017bf7dfd7d0 Exception <a 'java/lang/NoSuchMethodError'{0x000000008f2599d0}: 'int java.lang.invoke.DirectMethodHandle$Holder.invokeVirtual(java.lang.Object, java.lang.Object, java.lang.Object)'> (0x000000008f2599d0) 
thrown [s\src\hotspot\share\interpreter\linkResolver.cpp, line 771]
Event: 4.814 Thread 0x0000017bf7dfd7d0 Exception <a 'java/lang/NoSuchMethodError'{0x000000008efbd568}: 'java.lang.Object java.lang.invoke.DirectMethodHandle$Holder.invokeStatic(java.lang.Object, java.lang.Object, java.lang.Object, java.lang.Object, int)'> (0x000000008efbd568) 
thrown [s\src\hotspot\share\interpreter\linkResolver.cpp, line 771]
Event: 4.816 Thread 0x0000017bf7dfd7d0 Exception <a 'java/lang/NoSuchMethodError'{0x000000008efc7250}: 'java.lang.Object java.lang.invoke.DirectMethodHandle$Holder.newInvokeSpecial(java.lang.Object, java.lang.Object, java.lang.Object, java.lang.Object, int)'> (0x000000008efc7250) 
thrown [s\src\hotspot\share\interpreter\linkResolver.cpp, line 771]
Event: 4.816 Thread 0x0000017bf7dfd7d0 Exception <a 'java/lang/NoSuchMethodError'{0x000000008efcbd80}: 'java.lang.Object java.lang.invoke.DirectMethodHandle$Holder.invokeSpecial(java.lang.Object, java.lang.Object, java.lang.Object, java.lang.Object, java.lang.Object, int)'> (0x000000008efcbd80) 
thrown [s\src\hotspot\share\interpreter\linkResolver.cpp, line 771]
Event: 4.816 Thread 0x0000017bf7dfd7d0 Exception <a 'java/lang/NoSuchMethodError'{0x000000008efd0260}: 'java.lang.Object java.lang.invoke.Invokers$Holder.linkToTargetMethod(java.lang.Object, java.lang.Object, java.lang.Object, int, java.lang.Object)'> (0x000000008efd0260) 
thrown [s\src\hotspot\share\interpreter\linkResolver.cpp, line 771]
Event: 4.872 Thread 0x0000017bf7dfd7d0 Exception <a 'java/lang/NoSuchMethodError'{0x0000000092180170}: 'void java.lang.invoke.DirectMethodHandle$Holder.invokeInterface(java.lang.Object, java.lang.Object)'> (0x0000000092180170) 
thrown [s\src\hotspot\share\interpreter\linkResolver.cpp, line 771]
Event: 4.941 Thread 0x0000017bf7dfd7d0 Exception <a 'java/lang/IncompatibleClassChangeError'{0x0000000090576de8}: Found class java.lang.Object, but interface was expected> (0x0000000090576de8) 
thrown [s\src\hotspot\share\interpreter\linkResolver.cpp, line 838]
Event: 5.019 Thread 0x0000017bf7dfd7d0 Exception <a 'java/lang/NoSuchMethodError'{0x0000000090204eb0}: 'java.lang.Object java.lang.invoke.DirectMethodHandle$Holder.invokeInterface(java.lang.Object, java.lang.Object, java.lang.Object)'> (0x0000000090204eb0) 
thrown [s\src\hotspot\share\interpreter\linkResolver.cpp, line 771]
Event: 5.019 Thread 0x0000017bf7dfd7d0 Exception <a 'java/lang/IncompatibleClassChangeError'{0x0000000090208820}: Found class java.lang.Object, but interface was expected> (0x0000000090208820) 
thrown [s\src\hotspot\share\interpreter\linkResolver.cpp, line 838]

VM Operations (20 events):
Event: 4.806 Executing VM operation: HandshakeAllThreads
Event: 4.806 Executing VM operation: HandshakeAllThreads done
Event: 4.847 Executing VM operation: HandshakeAllThreads
Event: 4.847 Executing VM operation: HandshakeAllThreads done
Event: 4.849 Executing VM operation: HandshakeAllThreads
Event: 4.849 Executing VM operation: HandshakeAllThreads done
Event: 4.852 Executing VM operation: G1CollectForAllocation
Event: 4.859 Executing VM operation: G1CollectForAllocation done
Event: 4.869 Executing VM operation: HandshakeAllThreads
Event: 4.869 Executing VM operation: HandshakeAllThreads done
Event: 4.889 Executing VM operation: G1CollectForAllocation
Event: 4.894 Executing VM operation: G1CollectForAllocation done
Event: 4.901 Executing VM operation: HandshakeAllThreads
Event: 4.901 Executing VM operation: HandshakeAllThreads done
Event: 4.920 Executing VM operation: HandshakeAllThreads
Event: 4.920 Executing VM operation: HandshakeAllThreads done
Event: 4.940 Executing VM operation: HandshakeAllThreads
Event: 4.940 Executing VM operation: HandshakeAllThreads done
Event: 5.043 Executing VM operation: ICBufferFull
Event: 5.043 Executing VM operation: ICBufferFull done

Events (20 events):
Event: 4.876 loading class java/util/stream/Node$OfPrimitive
Event: 4.876 loading class java/util/stream/Node$OfPrimitive done
Event: 4.876 loading class java/util/stream/Node$OfInt done
Event: 4.876 loading class java/util/stream/Nodes$EmptyNode$OfInt done
Event: 4.876 loading class java/util/stream/Nodes$EmptyNode$OfLong
Event: 4.876 loading class java/util/stream/Node$OfLong
Event: 4.876 loading class java/util/stream/Node$OfLong done
Event: 4.876 loading class java/util/stream/Nodes$EmptyNode$OfLong done
Event: 4.876 loading class java/util/stream/Nodes$EmptyNode$OfDouble
Event: 4.876 loading class java/util/stream/Node$OfDouble
Event: 4.876 loading class java/util/stream/Node$OfDouble done
Event: 4.876 loading class java/util/stream/Nodes$EmptyNode$OfDouble done
Event: 4.876 loading class java/util/stream/Nodes$SpinedNodeBuilder
Event: 4.876 loading class java/util/stream/Node$Builder
Event: 4.876 loading class java/util/stream/Node$Builder done
Event: 4.876 loading class java/util/stream/SpinedBuffer
Event: 4.877 loading class java/util/stream/AbstractSpinedBuffer
Event: 4.877 loading class java/util/stream/AbstractSpinedBuffer done
Event: 4.877 loading class java/util/stream/SpinedBuffer done
Event: 4.877 loading class java/util/stream/Nodes$SpinedNodeBuilder done


Dynamic libraries:
0x00007ff7db200000 - 0x00007ff7db20a000 	C:\Program Files\Android\Android Studio\jbr\bin\java.exe
0x00007ffa66e90000 - 0x00007ffa670a7000 	C:\WINDOWS\SYSTEM32\ntdll.dll
0x00007ffa64d40000 - 0x00007ffa64e04000 	C:\WINDOWS\System32\KERNEL32.DLL
0x00007ffa644d0000 - 0x00007ffa64876000 	C:\WINDOWS\System32\KERNELBASE.dll
0x00007ffa64970000 - 0x00007ffa64a81000 	C:\WINDOWS\System32\ucrtbase.dll
0x00007ffa5fab0000 - 0x00007ffa5facb000 	C:\Program Files\Android\Android Studio\jbr\bin\VCRUNTIME140.dll
0x00007ff9e5bc0000 - 0x00007ff9e5bd7000 	C:\Program Files\Android\Android Studio\jbr\bin\jli.dll
0x00007ffa64f50000 - 0x00007ffa650fe000 	C:\WINDOWS\System32\USER32.dll
0x00007ffa64a90000 - 0x00007ffa64ab6000 	C:\WINDOWS\System32\win32u.dll
0x00007ffa55bc0000 - 0x00007ffa55e53000 	C:\WINDOWS\WinSxS\amd64_microsoft.windows.common-controls_6595b64144ccf1df_6.0.22621.2506_none_270c5ae97388e100\COMCTL32.dll
0x00007ffa64cb0000 - 0x00007ffa64cd9000 	C:\WINDOWS\System32\GDI32.dll
0x00007ffa65800000 - 0x00007ffa658a7000 	C:\WINDOWS\System32\msvcrt.dll
0x00007ffa64ac0000 - 0x00007ffa64bd8000 	C:\WINDOWS\System32\gdi32full.dll
0x00007ffa642c0000 - 0x00007ffa6435a000 	C:\WINDOWS\System32\msvcp_win.dll
0x00007ffa64e10000 - 0x00007ffa64e41000 	C:\WINDOWS\System32\IMM32.DLL
0x00007ffa5faa0000 - 0x00007ffa5faac000 	C:\Program Files\Android\Android Studio\jbr\bin\vcruntime140_1.dll
0x00007ffa480a0000 - 0x00007ffa4812d000 	C:\Program Files\Android\Android Studio\jbr\bin\msvcp140.dll
0x00007ff9c6770000 - 0x00007ff9c73de000 	C:\Program Files\Android\Android Studio\jbr\bin\server\jvm.dll
0x00007ffa65740000 - 0x00007ffa657f3000 	C:\WINDOWS\System32\ADVAPI32.dll
0x00007ffa659b0000 - 0x00007ffa65a58000 	C:\WINDOWS\System32\sechost.dll
0x00007ffa64290000 - 0x00007ffa642b8000 	C:\WINDOWS\System32\bcrypt.dll
0x00007ffa66d20000 - 0x00007ffa66e37000 	C:\WINDOWS\System32\RPCRT4.dll
0x00007ffa46b10000 - 0x00007ffa46b19000 	C:\WINDOWS\SYSTEM32\WSOCK32.dll
0x00007ffa5b190000 - 0x00007ffa5b1c4000 	C:\WINDOWS\SYSTEM32\WINMM.dll
0x00007ffa5a6a0000 - 0x00007ffa5a6aa000 	C:\WINDOWS\SYSTEM32\VERSION.dll
0x00007ffa65ef0000 - 0x00007ffa65f61000 	C:\WINDOWS\System32\WS2_32.dll
0x00007ffa63270000 - 0x00007ffa63288000 	C:\WINDOWS\SYSTEM32\kernel.appcore.dll
0x00007ffa410c0000 - 0x00007ffa410ca000 	C:\Program Files\Android\Android Studio\jbr\bin\jimage.dll
0x00007ffa52980000 - 0x00007ffa52bb3000 	C:\WINDOWS\SYSTEM32\DBGHELP.DLL
0x00007ffa65330000 - 0x00007ffa656b9000 	C:\WINDOWS\System32\combase.dll
0x00007ffa65250000 - 0x00007ffa65327000 	C:\WINDOWS\System32\OLEAUT32.dll
0x00007ffa548d0000 - 0x00007ffa54902000 	C:\WINDOWS\SYSTEM32\dbgcore.DLL
0x00007ffa648f0000 - 0x00007ffa6496a000 	C:\WINDOWS\System32\bcryptPrimitives.dll
0x00007ffa0c970000 - 0x00007ffa0c995000 	C:\Program Files\Android\Android Studio\jbr\bin\java.dll
0x00007ffa0ced0000 - 0x00007ffa0cee8000 	C:\Program Files\Android\Android Studio\jbr\bin\zip.dll
0x00007ffa66410000 - 0x00007ffa66c6a000 	C:\WINDOWS\System32\SHELL32.dll
0x00007ffa62120000 - 0x00007ffa62a16000 	C:\WINDOWS\SYSTEM32\windows.storage.dll
0x00007ffa61fe0000 - 0x00007ffa6211e000 	C:\WINDOWS\SYSTEM32\wintypes.dll
0x00007ffa64e50000 - 0x00007ffa64f43000 	C:\WINDOWS\System32\SHCORE.dll
0x00007ffa64ce0000 - 0x00007ffa64d3e000 	C:\WINDOWS\System32\shlwapi.dll
0x00007ffa64100000 - 0x00007ffa64126000 	C:\WINDOWS\SYSTEM32\profapi.dll
0x00007ffa0b850000 - 0x00007ffa0b869000 	C:\Program Files\Android\Android Studio\jbr\bin\net.dll
0x00007ffa5dee0000 - 0x00007ffa5e017000 	C:\WINDOWS\SYSTEM32\WINHTTP.dll
0x00007ffa636f0000 - 0x00007ffa63759000 	C:\WINDOWS\system32\mswsock.dll
0x00007ffa0b830000 - 0x00007ffa0b846000 	C:\Program Files\Android\Android Studio\jbr\bin\nio.dll
0x00007ffa3d930000 - 0x00007ffa3d940000 	C:\Program Files\Android\Android Studio\jbr\bin\verify.dll

dbghelp: loaded successfully - version: 4.0.5 - missing functions: none
symbol engine: initialized successfully - sym options: 0x614 - pdb path: .;C:\Program Files\Android\Android Studio\jbr\bin;C:\WINDOWS\SYSTEM32;C:\WINDOWS\WinSxS\amd64_microsoft.windows.common-controls_6595b64144ccf1df_6.0.22621.2506_none_270c5ae97388e100;C:\Program Files\Android\Android Studio\jbr\bin\server

VM Arguments:
java_command: org.jetbrains.kotlin.cli.jvm.K2JVMCompiler @C:\Users\23480\Documents\androidproject\StopWatch\app\build\20240219_15593258817423043112.compiler.options
java_class_path (initial): C:\Users\23480\.gradle\caches\modules-2\files-2.1\org.jetbrains.kotlin\kotlin-compiler-embeddable\1.8.0\eb9118d4bcceaa2a94b2ae2a33a4ddba7c9a947f\kotlin-compiler-embeddable-1.8.0.jar;C:\Users\23480\.gradle\caches\modules-2\files-2.1\org.jetbrains.kotlin\kotlin-stdlib\1.8.0\1796921c7a3e2e2665a83e6c8d33399336cd39bc\kotlin-stdlib-1.8.0.jar;C:\Users\23480\.gradle\caches\modules-2\files-2.1\org.jetbrains.kotlin\kotlin-script-runtime\1.8.0\b2f7e760d283cb339974851c222a4c1d48f2d3d\kotlin-script-runtime-1.8.0.jar;C:\Users\23480\.gradle\caches\modules-2\files-2.1\org.jetbrains.kotlin\kotlin-reflect\1.6.10\1cbe9c92c12a94eea200d23c2bbaedaf3daf5132\kotlin-reflect-1.6.10.jar;C:\Users\23480\.gradle\caches\modules-2\files-2.1\org.jetbrains.kotlin\kotlin-daemon-embeddable\1.8.0\d255216c551685dc3a7e852b53617f5f01aaaa5c\kotlin-daemon-embeddable-1.8.0.jar;C:\Users\23480\.gradle\caches\modules-2\files-2.1\org.jetbrains.intellij.deps\trove4j\1.0.20200330\3afb14d5f9ceb459d724e907a21145e8ff394f02\trove4j-1.0.20200330.jar;C:\Users\23480\.gradle\caches\modules-2\files-2.1\net.java.dev.jna\jna\5.6.0\330f2244e9030119ab3030fc3fededc86713d9cc\jna-5.6.0.jar;C:\Users\23480\.gradle\caches\modules-2\files-2.1\org.jetbrains.kotlin\kotlin-stdlib-common\1.8.0\f7197e7cc76453ac59f8b0f8d5137cc600becd36\kotlin-stdlib-common-1.8.0.jar;C:\Users\23480\.gradle\caches\modules-2\files-2.1\org.jetbrains\annotations\13.0\919f0dfe192fb4e063e7dacadee7f8bb9a2672a9\annotations-13.0.jar
Launcher Type: SUN_STANDARD

[Global flags]
     intx CICompilerCount                          = 4                                         {product} {ergonomic}
     uint ConcGCThreads                            = 2                                         {product} {ergonomic}
     uint G1ConcRefinementThreads                  = 8                                         {product} {ergonomic}
   size_t G1HeapRegionSize                         = 1048576                                   {product} {ergonomic}
    uintx GCDrainStackTargetSize                   = 64                                        {product} {ergonomic}
   size_t InitialHeapSize                          = 123731968                                 {product} {ergonomic}
   size_t MarkStackSize                            = 4194304                                   {product} {ergonomic}
   size_t MaxHeapSize                              = 1967128576                                {product} {ergonomic}
   size_t MaxNewSize                               = 1179648000                                {product} {ergonomic}
   size_t MinHeapDeltaBytes                        = 1048576                                   {product} {ergonomic}
   size_t MinHeapSize                              = 8388608                                   {product} {ergonomic}
    uintx NonNMethodCodeHeapSize                   = 5839372                                {pd product} {ergonomic}
    uintx NonProfiledCodeHeapSize                  = 122909434                              {pd product} {ergonomic}
    uintx ProfiledCodeHeapSize                     = 122909434                              {pd product} {ergonomic}
    uintx ReservedCodeCacheSize                    = 251658240                              {pd product} {ergonomic}
     bool SegmentedCodeCache                       = true                                      {product} {ergonomic}
   size_t SoftMaxHeapSize                          = 1967128576                             {manageable} {ergonomic}
     bool UseCompressedClassPointers               = true                           {product lp64_product} {ergonomic}
     bool UseCompressedOops                        = true                           {product lp64_product} {ergonomic}
     bool UseG1GC                                  = true                                      {product} {ergonomic}
     bool UseLargePagesIndividualAllocation        = false                                  {pd product} {ergonomic}

Logging:
Log output configuration:
 #0: stdout all=warning uptime,level,tags
 #1: stderr all=off uptime,level,tags

Environment Variables:
PATH=C:\WINDOWS\system32;C:\WINDOWS;C:\WINDOWS\System32\Wbem;C:\WINDOWS\System32\WindowsPowerShell\v1.0\;C:\WINDOWS\System32\OpenSSH\;C:\Program Files\nodejs\;C:\Program Files\Git\cmd;C:\Users\23480\AppData\Local\Programs\Python\Python311\Scripts\;C:\Users\23480\AppData\Local\Programs\Python\Python311\;C:\Users\23480\AppData\Local\Microsoft\WindowsApps;C:\Users\23480\AppData\Local\atom\bin;C:\Users\23480\AppData\Local\Programs\Microsoft VS Code\bin;C:\Users\23480\AppData\Local\Microsoft\WindowsApps;C:\Program Files\JetBrains\IntelliJ IDEA Community Edition 2023.2.1\bin;C:\Users\23480\AppData\Roaming\npm
USERNAME=23480
OS=Windows_NT
PROCESSOR_IDENTIFIER=AMD64 Family 23 Model 104 Stepping 1, AuthenticAMD
TMP=C:\Users\23480\AppData\Local\Temp
TEMP=C:\Users\23480\AppData\Local\Temp


JNI global refs:
JNI global refs: 10, weak refs: 6

JNI global refs memory usage: 843, weak refs: 841


---------------  S Y S T E M  ---------------

OS:
 Windows 11 , 64 bit Build 22621 (10.0.22621.2506)
OS uptime: 0 days 3:08 hours

CPU: total 8 (initial active 8) (8 cores per cpu, 2 threads per core) family 23 model 104 stepping 1 microcode 0x0, cx8, cmov, fxsr, ht, mmx, 3dnowpref, sse, sse2, sse3, ssse3, sse4a, sse4.1, sse4.2, popcnt, lzcnt, tsc, tscinvbit, avx, avx2, aes, clmul, bmi1, bmi2, adx, sha, fma, vzeroupper, clflush, clflushopt

Memory: 4k page, system-wide physical 7502M (321M free)
TotalPageFile size 11571M (AvailPageFile size 3M)
current process WorkingSet (physical memory assigned to process): 273M, peak: 276M
current process commit charge ("private bytes"): 309M, peak: 313M

vm_info: OpenJDK 64-Bit Server VM (17.0.6+0-b2043.56-10027231) for windows-amd64 JRE (17.0.6+0-b2043.56-10027231), built on Apr 28 2023 00:43:19 by "androidbuild" with MS VC++ 16.10 / 16.11 (VS2019)

END.
